Using pre-set license
Built from '2020.3/staging' branch; Version is '2020.3.11f1 (99c7afb366b3) revision 10078127'; Using compiler version '192528614'; Build Type 'Release'
OS: 'Windows 10 Home; OS build 19042.928; Version 2009; 64bit' Language: 'ru' Physical Memory: 24463 MB
BatchMode: 1, IsHumanControllingUs: 0, StartBugReporterOnCrash: 0, Is64bit: 1, IsPro: 0

 COMMAND LINE ARGUMENTS:
D:\Unity\2020.3.11f1\Editor\Unity.exe
-adb2
-batchMode
-noUpm
-name
AssetImportWorker0
-projectPath
D:/Unity Projects/Unity2D/Block Breaker
-logFile
Logs/AssetImportWorker0.log
-srvPort
58443
Successfully changed project path to: D:/Unity Projects/Unity2D/Block Breaker
D:/Unity Projects/Unity2D/Block Breaker
Using Asset Import Pipeline V2.
Refreshing native plugins compatible for Editor in 49.47 ms, found 3 plugins.
Preloading 0 native plugins for Editor in 0.00 ms.
Initialize engine version: 2020.3.11f1 (99c7afb366b3)
[Subsystems] Discovering subsystems at path D:/Unity/2020.3.11f1/Editor/Data/Resources/UnitySubsystems
[Subsystems] Discovering subsystems at path D:/Unity Projects/Unity2D/Block Breaker/Assets
GfxDevice: creating device client; threaded=0
Direct3D:
    Version:  Direct3D 11.0 [level 11.1]
    Renderer: NVIDIA GeForce GTX 1080 (ID=0x1b80)
    Vendor:   
    VRAM:     8079 MB
    Driver:   30.0.14.7111
Initialize mono
Mono path[0] = 'D:/Unity/2020.3.11f1/Editor/Data/Managed'
Mono path[1] = 'D:/Unity/2020.3.11f1/Editor/Data/MonoBleedingEdge/lib/mono/unityjit'
Mono config path = 'D:/Unity/2020.3.11f1/Editor/Data/MonoBleedingEdge/etc'
Using monoOptions --debugger-agent=transport=dt_socket,embedding=1,server=y,suspend=n,address=127.0.0.1:56392
Begin MonoManager ReloadAssembly
Registering precompiled unity dll's ...
Register platform support module: D:/Unity/2020.3.11f1/Editor/Data/PlaybackEngines/WindowsStandaloneSupport/UnityEditor.WindowsStandalone.Extensions.dll
Registered in 0.001547 seconds.
Native extension for WindowsStandalone target not found
Refreshing native plugins compatible for Editor in 42.14 ms, found 3 plugins.
Preloading 0 native plugins for Editor in 0.00 ms.
Mono: successfully reloaded assembly
- Completed reload, in  1.297 seconds
Platform modules already initialized, skipping
Registering precompiled user dll's ...
Registered in 0.003664 seconds.
Begin MonoManager ReloadAssembly
Native extension for WindowsStandalone target not found
Refreshing native plugins compatible for Editor in 47.27 ms, found 3 plugins.
Preloading 0 native plugins for Editor in 0.00 ms.
Mono: successfully reloaded assembly
- Completed reload, in  1.579 seconds
Platform modules already initialized, skipping
========================================================================
Worker process is ready to serve import requests
Launched and connected shader compiler UnityShaderCompiler.exe after 0.06 seconds
Refreshing native plugins compatible for Editor in 0.47 ms, found 3 plugins.
Preloading 0 native plugins for Editor in 0.00 ms.
Unloading 2100 Unused Serialized files (Serialized files now loaded: 0)
System memory in use before: 95.3 MB.
System memory in use after: 95.3 MB.

Unloading 33 unused Assets to reduce memory usage. Loaded Objects now: 2535.
Total: 2.186600 ms (FindLiveObjects: 0.191800 ms CreateObjectMapping: 0.084800 ms MarkObjects: 1.773300 ms  DeleteObjects: 0.135700 ms)

========================================================================
Received Import Request.
  path: Assets/Prefabs/Impact VFX.prefab
  artifactKey: Guid(7d846c02296ef4dc4abff04ce3e5262c) Importer(815301076,1909f56bfc062723c751e8b465ee728b)
Start importing Assets/Prefabs/Impact VFX.prefab using Guid(7d846c02296ef4dc4abff04ce3e5262c) Importer(815301076,1909f56bfc062723c751e8b465ee728b)  -> (artifact id: '223531609e3ed3c76c068538080fb39b') in 0.062972 seconds
  Import took 0.066369 seconds .

========================================================================
Received Import Request.
  Time since last request: 0.000302 seconds.
  path: Assets/Materials/Impact Particle.mat
  artifactKey: Guid(b0db6c56344188f478174c2723e5fcd8) Importer(815301076,1909f56bfc062723c751e8b465ee728b)
Start importing Assets/Materials/Impact Particle.mat using Guid(b0db6c56344188f478174c2723e5fcd8) Importer(815301076,1909f56bfc062723c751e8b465ee728b)  -> (artifact id: 'e42600c6ee410165208d4db4bff2c2c8') in 0.462894 seconds
  Import took 0.466124 seconds .

========================================================================
Received Prepare
Registering precompiled user dll's ...
Registered in 0.003661 seconds.
Begin MonoManager ReloadAssembly
Native extension for WindowsStandalone target not found
Refreshing native plugins compatible for Editor in 1.46 ms, found 3 plugins.
Preloading 0 native plugins for Editor in 0.00 ms.
Mono: successfully reloaded assembly
- Completed reload, in  1.261 seconds
Platform modules already initialized, skipping
Refreshing native plugins compatible for Editor in 0.50 ms, found 3 plugins.
Preloading 0 native plugins for Editor in 0.00 ms.
Unloading 2082 Unused Serialized files (Serialized files now loaded: 0)
System memory in use before: 97.2 MB.
System memory in use after: 97.2 MB.

Unloading 21 unused Assets to reduce memory usage. Loaded Objects now: 2580.
Total: 3.421600 ms (FindLiveObjects: 0.486900 ms CreateObjectMapping: 0.101700 ms MarkObjects: 2.664300 ms  DeleteObjects: 0.167300 ms)

========================================================================
Received Import Request.
  Time since last request: 469.817746 seconds.
  path: Assets/Prefabs/Block.prefab
  artifactKey: Guid(c13833a4e350a0b499e6c5b7e3d034b3) Importer(815301076,1909f56bfc062723c751e8b465ee728b)
Start importing Assets/Prefabs/Block.prefab using Guid(c13833a4e350a0b499e6c5b7e3d034b3) Importer(815301076,1909f56bfc062723c751e8b465ee728b)  -> (artifact id: '32fde18d2d6d69ce55b2caee9987fbcb') in 0.061410 seconds
  Import took 0.065387 seconds .

========================================================================
Received Prepare
Registering precompiled user dll's ...
Registered in 0.004146 seconds.
Begin MonoManager ReloadAssembly
Native extension for WindowsStandalone target not found
Refreshing native plugins compatible for Editor in 0.58 ms, found 3 plugins.
Preloading 0 native plugins for Editor in 0.00 ms.
Mono: successfully reloaded assembly
- Completed reload, in  1.234 seconds
Platform modules already initialized, skipping
Refreshing native plugins compatible for Editor in 0.52 ms, found 3 plugins.
Preloading 0 native plugins for Editor in 0.00 ms.
Unloading 2082 Unused Serialized files (Serialized files now loaded: 0)
System memory in use before: 97.3 MB.
System memory in use after: 97.3 MB.

Unloading 21 unused Assets to reduce memory usage. Loaded Objects now: 2585.
Total: 2.883800 ms (FindLiveObjects: 0.201100 ms CreateObjectMapping: 0.077900 ms MarkObjects: 2.462500 ms  DeleteObjects: 0.140600 ms)

========================================================================
Received Import Request.
  Time since last request: 159.625415 seconds.
  path: Assets/Prefabs/Block.prefab
  artifactKey: Guid(c13833a4e350a0b499e6c5b7e3d034b3) Importer(815301076,1909f56bfc062723c751e8b465ee728b)
Start importing Assets/Prefabs/Block.prefab using Guid(c13833a4e350a0b499e6c5b7e3d034b3) Importer(815301076,1909f56bfc062723c751e8b465ee728b)  -> (artifact id: '0c67a8cbdecdfd6c02352fff59797990') in 0.069296 seconds
  Import took 0.073707 seconds .

========================================================================
Received Prepare
Registering precompiled user dll's ...
Registered in 0.003543 seconds.
Begin MonoManager ReloadAssembly
Native extension for WindowsStandalone target not found
Refreshing native plugins compatible for Editor in 0.52 ms, found 3 plugins.
Preloading 0 native plugins for Editor in 0.00 ms.
Mono: successfully reloaded assembly
- Completed reload, in  1.156 seconds
Platform modules already initialized, skipping
Refreshing native plugins compatible for Editor in 0.51 ms, found 3 plugins.
Preloading 0 native plugins for Editor in 0.00 ms.
Unloading 2082 Unused Serialized files (Serialized files now loaded: 0)
System memory in use before: 97.3 MB.
System memory in use after: 97.3 MB.

Unloading 21 unused Assets to reduce memory usage. Loaded Objects now: 2590.
Total: 2.653400 ms (FindLiveObjects: 0.185200 ms CreateObjectMapping: 0.079600 ms MarkObjects: 2.223500 ms  DeleteObjects: 0.164100 ms)

========================================================================
Received Prepare
Registering precompiled user dll's ...
Registered in 0.003754 seconds.
Begin MonoManager ReloadAssembly
Native extension for WindowsStandalone target not found
Refreshing native plugins compatible for Editor in 0.59 ms, found 3 plugins.
Preloading 0 native plugins for Editor in 0.00 ms.
Mono: successfully reloaded assembly
- Completed reload, in  1.220 seconds
Platform modules already initialized, skipping
Refreshing native plugins compatible for Editor in 0.48 ms, found 3 plugins.
Preloading 0 native plugins for Editor in 0.00 ms.
Unloading 2082 Unused Serialized files (Serialized files now loaded: 0)
System memory in use before: 97.3 MB.
System memory in use after: 97.3 MB.

Unloading 21 unused Assets to reduce memory usage. Loaded Objects now: 2594.
Total: 2.190400 ms (FindLiveObjects: 0.193700 ms CreateObjectMapping: 0.080000 ms MarkObjects: 1.787600 ms  DeleteObjects: 0.128000 ms)

========================================================================
Received Prepare
Registering precompiled user dll's ...
Registered in 0.004143 seconds.
Begin MonoManager ReloadAssembly
Native extension for WindowsStandalone target not found
Refreshing native plugins compatible for Editor in 0.48 ms, found 3 plugins.
Preloading 0 native plugins for Editor in 0.00 ms.
Mono: successfully reloaded assembly
- Completed reload, in  1.237 seconds
Platform modules already initialized, skipping
Refreshing native plugins compatible for Editor in 0.49 ms, found 3 plugins.
Preloading 0 native plugins for Editor in 0.00 ms.
Unloading 2082 Unused Serialized files (Serialized files now loaded: 0)
System memory in use before: 97.4 MB.
System memory in use after: 97.3 MB.

Unloading 21 unused Assets to reduce memory usage. Loaded Objects now: 2598.
Total: 2.862400 ms (FindLiveObjects: 0.248300 ms CreateObjectMapping: 0.152300 ms MarkObjects: 2.333200 ms  DeleteObjects: 0.127100 ms)

========================================================================
Received Import Request.
  Time since last request: 579.908074 seconds.
  path: ProjectSettings/TagManager.asset
  artifactKey: Guid(00000000000000003000000000000000) Importer(815301076,1909f56bfc062723c751e8b465ee728b)
Start importing ProjectSettings/TagManager.asset using Guid(00000000000000003000000000000000) Importer(815301076,1909f56bfc062723c751e8b465ee728b)  -> (artifact id: '95df672b4aaba54310d34c83eef51bb8') in 0.019037 seconds
  Import took 0.023381 seconds .

========================================================================
Received Import Request.
  Time since last request: 0.131222 seconds.
  path: ProjectSettings/TagManager.asset
  artifactKey: Guid(00000000000000003000000000000000) Importer(815301076,1909f56bfc062723c751e8b465ee728b)
Start importing ProjectSettings/TagManager.asset using Guid(00000000000000003000000000000000) Importer(815301076,1909f56bfc062723c751e8b465ee728b)  -> (artifact id: '95df672b4aaba54310d34c83eef51bb8') in 0.008410 seconds
  Import took 0.018158 seconds .

========================================================================
Received Import Request.
  Time since last request: 32.961148 seconds.
  path: Assets/Prefabs/Block.prefab
  artifactKey: Guid(c13833a4e350a0b499e6c5b7e3d034b3) Importer(815301076,1909f56bfc062723c751e8b465ee728b)
Start importing Assets/Prefabs/Block.prefab using Guid(c13833a4e350a0b499e6c5b7e3d034b3) Importer(815301076,1909f56bfc062723c751e8b465ee728b)  -> (artifact id: 'd45809a4db04720964e2c55b78d6fee9') in 0.060422 seconds
  Import took 0.065403 seconds .

========================================================================
Received Import Request.
  Time since last request: 39.945782 seconds.
  path: Assets/Prefabs/Breakable Block.prefab
  artifactKey: Guid(c13833a4e350a0b499e6c5b7e3d034b3) Importer(815301076,1909f56bfc062723c751e8b465ee728b)
Start importing Assets/Prefabs/Breakable Block.prefab using Guid(c13833a4e350a0b499e6c5b7e3d034b3) Importer(815301076,1909f56bfc062723c751e8b465ee728b)  -> (artifact id: '23a2ff00962d07afe4e5d329dae24258') in 0.013264 seconds
  Import took 0.017658 seconds .

========================================================================
Received Import Request.
  Time since last request: 0.050631 seconds.
  path: Assets/Prefabs/Breakable Block.prefab
  artifactKey: Guid(c13833a4e350a0b499e6c5b7e3d034b3) Importer(815301076,1909f56bfc062723c751e8b465ee728b)
Start importing Assets/Prefabs/Breakable Block.prefab using Guid(c13833a4e350a0b499e6c5b7e3d034b3) Importer(815301076,1909f56bfc062723c751e8b465ee728b)  -> (artifact id: '23a2ff00962d07afe4e5d329dae24258') in 0.010026 seconds
  Import took 0.015929 seconds .

========================================================================
Received Import Request.
  Time since last request: 4.896304 seconds.
  path: Assets/Prefabs/Breakable Block 1.prefab
  artifactKey: Guid(50e2950f5f76c5642a152a9e706ad773) Importer(815301076,1909f56bfc062723c751e8b465ee728b)
Start importing Assets/Prefabs/Breakable Block 1.prefab using Guid(50e2950f5f76c5642a152a9e706ad773) Importer(815301076,1909f56bfc062723c751e8b465ee728b)  -> (artifact id: '370920ba7ad58180d102acf3f98c4a8f') in 0.013493 seconds
  Import took 0.017519 seconds .

========================================================================
Received Import Request.
  Time since last request: 0.055562 seconds.
  path: Assets/Prefabs/Breakable Block 1.prefab
  artifactKey: Guid(50e2950f5f76c5642a152a9e706ad773) Importer(815301076,1909f56bfc062723c751e8b465ee728b)
Start importing Assets/Prefabs/Breakable Block 1.prefab using Guid(50e2950f5f76c5642a152a9e706ad773) Importer(815301076,1909f56bfc062723c751e8b465ee728b)  -> (artifact id: '370920ba7ad58180d102acf3f98c4a8f') in 0.009679 seconds
  Import took 0.014108 seconds .

========================================================================
Received Import Request.
  Time since last request: 13.140637 seconds.
  path: Assets/Prefabs/Unbreakable Block.prefab
  artifactKey: Guid(50e2950f5f76c5642a152a9e706ad773) Importer(815301076,1909f56bfc062723c751e8b465ee728b)
Start importing Assets/Prefabs/Unbreakable Block.prefab using Guid(50e2950f5f76c5642a152a9e706ad773) Importer(815301076,1909f56bfc062723c751e8b465ee728b)  -> (artifact id: '820400a9251479c0759f2aaaa59e8474') in 0.017354 seconds
  Import took 0.033318 seconds .

========================================================================
Received Import Request.
  Time since last request: 0.032055 seconds.
  path: Assets/Prefabs/Unbreakable Block.prefab
  artifactKey: Guid(50e2950f5f76c5642a152a9e706ad773) Importer(815301076,1909f56bfc062723c751e8b465ee728b)
Start importing Assets/Prefabs/Unbreakable Block.prefab using Guid(50e2950f5f76c5642a152a9e706ad773) Importer(815301076,1909f56bfc062723c751e8b465ee728b)  -> (artifact id: '820400a9251479c0759f2aaaa59e8474') in 0.008670 seconds
  Import took 0.013083 seconds .

========================================================================
Received Import Request.
  Time since last request: 4.240431 seconds.
  path: Assets/Prefabs/Unbreakable Block.prefab
  artifactKey: Guid(50e2950f5f76c5642a152a9e706ad773) Importer(815301076,1909f56bfc062723c751e8b465ee728b)
Start importing Assets/Prefabs/Unbreakable Block.prefab using Guid(50e2950f5f76c5642a152a9e706ad773) Importer(815301076,1909f56bfc062723c751e8b465ee728b)  -> (artifact id: '07f556cd9f95b0292dac4e0e07371af4') in 0.013802 seconds
  Import took 0.018507 seconds .

========================================================================
Received Import Request.
  Time since last request: 0.047645 seconds.
  path: Assets/Prefabs/Unbreakable Block.prefab
  artifactKey: Guid(50e2950f5f76c5642a152a9e706ad773) Importer(815301076,1909f56bfc062723c751e8b465ee728b)
Start importing Assets/Prefabs/Unbreakable Block.prefab using Guid(50e2950f5f76c5642a152a9e706ad773) Importer(815301076,1909f56bfc062723c751e8b465ee728b)  -> (artifact id: '07f556cd9f95b0292dac4e0e07371af4') in 0.009502 seconds
  Import took 0.013589 seconds .

========================================================================
Received Import Request.
  Time since last request: 26.912921 seconds.
  path: Assets/Prefabs/Unbreakable Block.prefab
  artifactKey: Guid(50e2950f5f76c5642a152a9e706ad773) Importer(815301076,1909f56bfc062723c751e8b465ee728b)
Start importing Assets/Prefabs/Unbreakable Block.prefab using Guid(50e2950f5f76c5642a152a9e706ad773) Importer(815301076,1909f56bfc062723c751e8b465ee728b)  -> (artifact id: '2aa93fbbb97876d63b73c1f4395a607c') in 0.015730 seconds
  Import took 0.020135 seconds .

========================================================================
Received Import Request.
  Time since last request: 0.042054 seconds.
  path: Assets/Prefabs/Unbreakable Block.prefab
  artifactKey: Guid(50e2950f5f76c5642a152a9e706ad773) Importer(815301076,1909f56bfc062723c751e8b465ee728b)
Start importing Assets/Prefabs/Unbreakable Block.prefab using Guid(50e2950f5f76c5642a152a9e706ad773) Importer(815301076,1909f56bfc062723c751e8b465ee728b)  -> (artifact id: '2aa93fbbb97876d63b73c1f4395a607c') in 0.009156 seconds
  Import took 0.013952 seconds .

========================================================================
Received Prepare
Registering precompiled user dll's ...
Registered in 0.003739 seconds.
Begin MonoManager ReloadAssembly
Native extension for WindowsStandalone target not found
Refreshing native plugins compatible for Editor in 0.56 ms, found 3 plugins.
Preloading 0 native plugins for Editor in 0.00 ms.
Mono: successfully reloaded assembly
- Completed reload, in  1.184 seconds
Platform modules already initialized, skipping
Refreshing native plugins compatible for Editor in 0.48 ms, found 3 plugins.
Preloading 0 native plugins for Editor in 0.00 ms.
Unloading 2082 Unused Serialized files (Serialized files now loaded: 0)
System memory in use before: 97.4 MB.
System memory in use after: 97.4 MB.

Unloading 23 unused Assets to reduce memory usage. Loaded Objects now: 2603.
Total: 2.793700 ms (FindLiveObjects: 0.202500 ms CreateObjectMapping: 0.078700 ms MarkObjects: 2.372900 ms  DeleteObjects: 0.138200 ms)

========================================================================
Received Prepare
Registering precompiled user dll's ...
Registered in 0.003491 seconds.
Begin MonoManager ReloadAssembly
Native extension for WindowsStandalone target not found
Refreshing native plugins compatible for Editor in 0.50 ms, found 3 plugins.
Preloading 0 native plugins for Editor in 0.00 ms.
Mono: successfully reloaded assembly
- Completed reload, in  1.145 seconds
Platform modules already initialized, skipping
Refreshing native plugins compatible for Editor in 0.56 ms, found 3 plugins.
Preloading 0 native plugins for Editor in 0.00 ms.
Unloading 2082 Unused Serialized files (Serialized files now loaded: 0)
System memory in use before: 97.4 MB.
System memory in use after: 97.4 MB.

Unloading 21 unused Assets to reduce memory usage. Loaded Objects now: 2607.
Total: 2.986700 ms (FindLiveObjects: 0.245900 ms CreateObjectMapping: 0.162600 ms MarkObjects: 2.439300 ms  DeleteObjects: 0.137900 ms)

========================================================================
Received Prepare
Registering precompiled user dll's ...
Registered in 0.003980 seconds.
Begin MonoManager ReloadAssembly
Native extension for WindowsStandalone target not found
Refreshing native plugins compatible for Editor in 1.51 ms, found 3 plugins.
Preloading 0 native plugins for Editor in 0.00 ms.
Mono: successfully reloaded assembly
- Completed reload, in  1.292 seconds
Platform modules already initialized, skipping
Refreshing native plugins compatible for Editor in 0.58 ms, found 3 plugins.
Preloading 0 native plugins for Editor in 0.00 ms.
Unloading 2082 Unused Serialized files (Serialized files now loaded: 0)
System memory in use before: 97.4 MB.
System memory in use after: 97.4 MB.

Unloading 21 unused Assets to reduce memory usage. Loaded Objects now: 2611.
Total: 3.676000 ms (FindLiveObjects: 1.487100 ms CreateObjectMapping: 0.189100 ms MarkObjects: 1.869500 ms  DeleteObjects: 0.128900 ms)

========================================================================
Received Prepare
Registering precompiled user dll's ...
Registered in 0.004329 seconds.
Begin MonoManager ReloadAssembly
Native extension for WindowsStandalone target not found
Refreshing native plugins compatible for Editor in 0.54 ms, found 3 plugins.
Preloading 0 native plugins for Editor in 0.00 ms.
Mono: successfully reloaded assembly
- Completed reload, in  1.545 seconds
Platform modules already initialized, skipping
Refreshing native plugins compatible for Editor in 0.62 ms, found 3 plugins.
Preloading 0 native plugins for Editor in 0.00 ms.
Unloading 2082 Unused Serialized files (Serialized files now loaded: 0)
System memory in use before: 97.4 MB.
System memory in use after: 97.4 MB.

Unloading 21 unused Assets to reduce memory usage. Loaded Objects now: 2615.
Total: 3.705200 ms (FindLiveObjects: 0.184400 ms CreateObjectMapping: 0.076800 ms MarkObjects: 3.294000 ms  DeleteObjects: 0.148600 ms)

========================================================================
Received Prepare
Registering precompiled user dll's ...
Registered in 0.006552 seconds.
Begin MonoManager ReloadAssembly
Native extension for WindowsStandalone target not found
Refreshing native plugins compatible for Editor in 0.53 ms, found 3 plugins.
Preloading 0 native plugins for Editor in 0.00 ms.
Mono: successfully reloaded assembly
- Completed reload, in  1.245 seconds
Platform modules already initialized, skipping
Refreshing native plugins compatible for Editor in 0.47 ms, found 3 plugins.
Preloading 0 native plugins for Editor in 0.00 ms.
Unloading 2082 Unused Serialized files (Serialized files now loaded: 0)
System memory in use before: 97.4 MB.
System memory in use after: 97.4 MB.

Unloading 21 unused Assets to reduce memory usage. Loaded Objects now: 2619.
Total: 2.240200 ms (FindLiveObjects: 0.200100 ms CreateObjectMapping: 0.102500 ms MarkObjects: 1.816800 ms  DeleteObjects: 0.119500 ms)

========================================================================
Received Import Request.
  Time since last request: 1073.129282 seconds.
  path: Assets/Prefabs/Breakable Block.prefab
  artifactKey: Guid(c13833a4e350a0b499e6c5b7e3d034b3) Importer(815301076,1909f56bfc062723c751e8b465ee728b)
Start importing Assets/Prefabs/Breakable Block.prefab using Guid(c13833a4e350a0b499e6c5b7e3d034b3) Importer(815301076,1909f56bfc062723c751e8b465ee728b)  -> (artifact id: '6390c9f8d514a1190e0e94193c0cb4b8') in 0.067862 seconds
  Import took 0.071617 seconds .

========================================================================
Received Import Request.
  Time since last request: 0.000181 seconds.
  path: Assets/Prefabs/Unbreakable Block.prefab
  artifactKey: Guid(50e2950f5f76c5642a152a9e706ad773) Importer(815301076,1909f56bfc062723c751e8b465ee728b)
Start importing Assets/Prefabs/Unbreakable Block.prefab using Guid(50e2950f5f76c5642a152a9e706ad773) Importer(815301076,1909f56bfc062723c751e8b465ee728b)  -> (artifact id: '68c1d825391c12c19b17667ded870ecb') in 0.009288 seconds
  Import took 0.012642 seconds .

========================================================================
Received Prepare
Registering precompiled user dll's ...
Registered in 0.003779 seconds.
Begin MonoManager ReloadAssembly
Native extension for WindowsStandalone target not found
Refreshing native plugins compatible for Editor in 0.53 ms, found 3 plugins.
Preloading 0 native plugins for Editor in 0.00 ms.
Mono: successfully reloaded assembly
- Completed reload, in  1.263 seconds
Platform modules already initialized, skipping
Refreshing native plugins compatible for Editor in 0.52 ms, found 3 plugins.
Preloading 0 native plugins for Editor in 0.00 ms.
Unloading 2082 Unused Serialized files (Serialized files now loaded: 0)
System memory in use before: 97.4 MB.
System memory in use after: 97.4 MB.

Unloading 21 unused Assets to reduce memory usage. Loaded Objects now: 2624.
Total: 2.862000 ms (FindLiveObjects: 0.230100 ms CreateObjectMapping: 0.141200 ms MarkObjects: 2.322500 ms  DeleteObjects: 0.167000 ms)

========================================================================
Received Import Request.
  Time since last request: 591.527669 seconds.
  path: Assets/Prefabs/Breakable Block.prefab
  artifactKey: Guid(c13833a4e350a0b499e6c5b7e3d034b3) Importer(815301076,1909f56bfc062723c751e8b465ee728b)
Start importing Assets/Prefabs/Breakable Block.prefab using Guid(c13833a4e350a0b499e6c5b7e3d034b3) Importer(815301076,1909f56bfc062723c751e8b465ee728b)  -> (artifact id: '33a4400bf2caeb8fb1fcd40942f321e5') in 0.068485 seconds
  Import took 0.072733 seconds .

========================================================================
Received Import Request.
  Time since last request: 0.000240 seconds.
  path: Assets/Prefabs/Unbreakable Block.prefab
  artifactKey: Guid(50e2950f5f76c5642a152a9e706ad773) Importer(815301076,1909f56bfc062723c751e8b465ee728b)
Start importing Assets/Prefabs/Unbreakable Block.prefab using Guid(50e2950f5f76c5642a152a9e706ad773) Importer(815301076,1909f56bfc062723c751e8b465ee728b)  -> (artifact id: '9c4f721621031595da2e1cfa4b7bde44') in 0.008806 seconds
  Import took 0.012696 seconds .

========================================================================
Received Prepare
Registering precompiled user dll's ...
Registered in 0.004823 seconds.
Begin MonoManager ReloadAssembly
Native extension for WindowsStandalone target not found
Refreshing native plugins compatible for Editor in 0.47 ms, found 3 plugins.
Preloading 0 native plugins for Editor in 0.00 ms.
Mono: successfully reloaded assembly
- Completed reload, in  1.160 seconds
Platform modules already initialized, skipping
Refreshing native plugins compatible for Editor in 0.74 ms, found 3 plugins.
Preloading 0 native plugins for Editor in 0.00 ms.
Unloading 2082 Unused Serialized files (Serialized files now loaded: 0)
System memory in use before: 97.4 MB.
System memory in use after: 97.4 MB.

Unloading 21 unused Assets to reduce memory usage. Loaded Objects now: 2629.
Total: 2.548800 ms (FindLiveObjects: 0.193300 ms CreateObjectMapping: 0.159400 ms MarkObjects: 2.035700 ms  DeleteObjects: 0.159200 ms)

========================================================================
Received Import Request.
  Time since last request: 266.306848 seconds.
  path: Assets/Prefabs/Block Broken 1.prefab
  artifactKey: Guid(beceb82d34a0ddd4b8f22cc755850d74) Importer(815301076,1909f56bfc062723c751e8b465ee728b)
Start importing Assets/Prefabs/Block Broken 1.prefab using Guid(beceb82d34a0ddd4b8f22cc755850d74) Importer(815301076,1909f56bfc062723c751e8b465ee728b)  -> (artifact id: '3c8f3a8e17f46d3df1b39285385b230d') in 0.067452 seconds
  Import took 0.071512 seconds .

========================================================================
Received Import Request.
  Time since last request: 2.325475 seconds.
  path: Assets/Prefabs/Block Broken 2.prefab
  artifactKey: Guid(20db28fbef379ce408f041c0aef20687) Importer(815301076,1909f56bfc062723c751e8b465ee728b)
Start importing Assets/Prefabs/Block Broken 2.prefab using Guid(20db28fbef379ce408f041c0aef20687) Importer(815301076,1909f56bfc062723c751e8b465ee728b)  -> (artifact id: '34ba52a0413e688af81211ea608365a0') in 0.018714 seconds
  Import took 0.023556 seconds .

========================================================================
Received Import Request.
  Time since last request: 0.042779 seconds.
  path: Assets/Prefabs/Block Broken 2.prefab
  artifactKey: Guid(20db28fbef379ce408f041c0aef20687) Importer(815301076,1909f56bfc062723c751e8b465ee728b)
Start importing Assets/Prefabs/Block Broken 2.prefab using Guid(20db28fbef379ce408f041c0aef20687) Importer(815301076,1909f56bfc062723c751e8b465ee728b)  -> (artifact id: '34ba52a0413e688af81211ea608365a0') in 0.010103 seconds
  Import took 0.014397 seconds .

========================================================================
Received Import Request.
  Time since last request: 92.890602 seconds.
  path: Assets/Prefabs/Breakable Block.prefab
  artifactKey: Guid(c13833a4e350a0b499e6c5b7e3d034b3) Importer(815301076,1909f56bfc062723c751e8b465ee728b)
Start importing Assets/Prefabs/Breakable Block.prefab using Guid(c13833a4e350a0b499e6c5b7e3d034b3) Importer(815301076,1909f56bfc062723c751e8b465ee728b)  -> (artifact id: '6ed7f34cb0847130594d555e6cbfdce0') in 0.018498 seconds
  Import took 0.022678 seconds .

========================================================================
Received Import Request.
  Time since last request: 3.142461 seconds.
  path: Assets/Prefabs/Breakable Block.prefab
  artifactKey: Guid(c13833a4e350a0b499e6c5b7e3d034b3) Importer(815301076,1909f56bfc062723c751e8b465ee728b)
Start importing Assets/Prefabs/Breakable Block.prefab using Guid(c13833a4e350a0b499e6c5b7e3d034b3) Importer(815301076,1909f56bfc062723c751e8b465ee728b)  -> (artifact id: 'b343336d6a45f2edab8743a4fc570797') in 0.015874 seconds
  Import took 0.020876 seconds .

========================================================================
Received Prepare
Registering precompiled user dll's ...
Registered in 0.003704 seconds.
Begin MonoManager ReloadAssembly
Native extension for WindowsStandalone target not found
Refreshing native plugins compatible for Editor in 0.53 ms, found 3 plugins.
Preloading 0 native plugins for Editor in 0.00 ms.
Mono: successfully reloaded assembly
- Completed reload, in  1.223 seconds
Platform modules already initialized, skipping
Refreshing native plugins compatible for Editor in 0.49 ms, found 3 plugins.
Preloading 0 native plugins for Editor in 0.00 ms.
Unloading 2082 Unused Serialized files (Serialized files now loaded: 0)
System memory in use before: 97.5 MB.
System memory in use after: 97.4 MB.

Unloading 21 unused Assets to reduce memory usage. Loaded Objects now: 2634.
Total: 3.447000 ms (FindLiveObjects: 0.376600 ms CreateObjectMapping: 0.174000 ms MarkObjects: 2.761800 ms  DeleteObjects: 0.133000 ms)

========================================================================
Received Import Request.
  Time since last request: 39.247784 seconds.
  path: Assets/Prefabs/Breakable Block.prefab
  artifactKey: Guid(c13833a4e350a0b499e6c5b7e3d034b3) Importer(815301076,1909f56bfc062723c751e8b465ee728b)
Start importing Assets/Prefabs/Breakable Block.prefab using Guid(c13833a4e350a0b499e6c5b7e3d034b3) Importer(815301076,1909f56bfc062723c751e8b465ee728b)  -> (artifact id: 'bd3e97e1e09c856cf04371a43f672c0a') in 0.068960 seconds
  Import took 0.073365 seconds .

========================================================================
Received Prepare
Registering precompiled user dll's ...
Registered in 0.003729 seconds.
Begin MonoManager ReloadAssembly
Native extension for WindowsStandalone target not found
Refreshing native plugins compatible for Editor in 0.49 ms, found 3 plugins.
Preloading 0 native plugins for Editor in 0.00 ms.
Mono: successfully reloaded assembly
- Completed reload, in  1.281 seconds
Platform modules already initialized, skipping
Refreshing native plugins compatible for Editor in 0.49 ms, found 3 plugins.
Preloading 0 native plugins for Editor in 0.00 ms.
Unloading 2082 Unused Serialized files (Serialized files now loaded: 0)
System memory in use before: 97.5 MB.
System memory in use after: 97.5 MB.

Unloading 21 unused Assets to reduce memory usage. Loaded Objects now: 2639.
Total: 3.017000 ms (FindLiveObjects: 0.262500 ms CreateObjectMapping: 0.162500 ms MarkObjects: 2.456400 ms  DeleteObjects: 0.133600 ms)

========================================================================
Received Import Request.
  Time since last request: 91.640996 seconds.
  path: Assets/Prefabs/Breakable Block.prefab
  artifactKey: Guid(c13833a4e350a0b499e6c5b7e3d034b3) Importer(815301076,1909f56bfc062723c751e8b465ee728b)
Start importing Assets/Prefabs/Breakable Block.prefab using Guid(c13833a4e350a0b499e6c5b7e3d034b3) Importer(815301076,1909f56bfc062723c751e8b465ee728b)  -> (artifact id: 'b773b4a6b9a1b8f444e08d5d24fd9310') in 0.077735 seconds
  Import took 0.082060 seconds .

========================================================================
Received Import Request.
  Time since last request: 0.011568 seconds.
  path: Assets/Prefabs/Breakable Block.prefab
  artifactKey: Guid(c13833a4e350a0b499e6c5b7e3d034b3) Importer(815301076,1909f56bfc062723c751e8b465ee728b)
Start importing Assets/Prefabs/Breakable Block.prefab using Guid(c13833a4e350a0b499e6c5b7e3d034b3) Importer(815301076,1909f56bfc062723c751e8b465ee728b)  -> (artifact id: 'b773b4a6b9a1b8f444e08d5d24fd9310') in 0.010190 seconds
  Import took 0.014349 seconds .

========================================================================
Received Import Request.
  Time since last request: 2.271451 seconds.
  path: Assets/Prefabs/Breakable Block.prefab
  artifactKey: Guid(c13833a4e350a0b499e6c5b7e3d034b3) Importer(815301076,1909f56bfc062723c751e8b465ee728b)
Start importing Assets/Prefabs/Breakable Block.prefab using Guid(c13833a4e350a0b499e6c5b7e3d034b3) Importer(815301076,1909f56bfc062723c751e8b465ee728b)  -> (artifact id: '4154fa387d5c317164c1fb931ac4c9d2') in 0.015244 seconds
  Import took 0.019498 seconds .

========================================================================
Received Import Request.
  Time since last request: 2.841536 seconds.
  path: Assets/Prefabs/Breakable Block.prefab
  artifactKey: Guid(c13833a4e350a0b499e6c5b7e3d034b3) Importer(815301076,1909f56bfc062723c751e8b465ee728b)
Start importing Assets/Prefabs/Breakable Block.prefab using Guid(c13833a4e350a0b499e6c5b7e3d034b3) Importer(815301076,1909f56bfc062723c751e8b465ee728b)  -> (artifact id: 'de1dad9e7dc36c3adf3d8dcc1fddb162') in 0.012620 seconds
  Import took 0.016866 seconds .

========================================================================
Received Import Request.
  Time since last request: 2.317732 seconds.
  path: Assets/Prefabs/Breakable Block.prefab
  artifactKey: Guid(c13833a4e350a0b499e6c5b7e3d034b3) Importer(815301076,1909f56bfc062723c751e8b465ee728b)
Start importing Assets/Prefabs/Breakable Block.prefab using Guid(c13833a4e350a0b499e6c5b7e3d034b3) Importer(815301076,1909f56bfc062723c751e8b465ee728b)  -> (artifact id: 'ac5893f738aa0f10ad23f94f57d86c01') in 0.013887 seconds
  Import took 0.018219 seconds .

========================================================================
Received Import Request.
  Time since last request: 11.938443 seconds.
  path: Assets/Prefabs/Breakable Block 1.prefab
  artifactKey: Guid(25356fa1cc97e33458cbb065db7f6fe4) Importer(815301076,1909f56bfc062723c751e8b465ee728b)
Start importing Assets/Prefabs/Breakable Block 1.prefab using Guid(25356fa1cc97e33458cbb065db7f6fe4) Importer(815301076,1909f56bfc062723c751e8b465ee728b)  -> (artifact id: '75ba25baa600592132fa816171371fbe') in 0.013695 seconds
  Import took 0.018213 seconds .

========================================================================
Received Import Request.
  Time since last request: 35.814279 seconds.
  path: Assets/Prefabs/2 'Hit' Breakable Block.prefab
  artifactKey: Guid(25356fa1cc97e33458cbb065db7f6fe4) Importer(815301076,1909f56bfc062723c751e8b465ee728b)
Start importing Assets/Prefabs/2 'Hit' Breakable Block.prefab using Guid(25356fa1cc97e33458cbb065db7f6fe4) Importer(815301076,1909f56bfc062723c751e8b465ee728b)  -> (artifact id: '717ee2bebfd99f780ed32a04f190f16d') in 0.017341 seconds
  Import took 0.021681 seconds .

========================================================================
Received Import Request.
  Time since last request: 0.053629 seconds.
  path: Assets/Prefabs/2 'Hit' Breakable Block.prefab
  artifactKey: Guid(25356fa1cc97e33458cbb065db7f6fe4) Importer(815301076,1909f56bfc062723c751e8b465ee728b)
Start importing Assets/Prefabs/2 'Hit' Breakable Block.prefab using Guid(25356fa1cc97e33458cbb065db7f6fe4) Importer(815301076,1909f56bfc062723c751e8b465ee728b)  -> (artifact id: '717ee2bebfd99f780ed32a04f190f16d') in 0.015519 seconds
  Import took 0.022642 seconds .

========================================================================
Received Import Request.
  Time since last request: 3.700060 seconds.
  path: Assets/Prefabs/Breakable Block 1.prefab
  artifactKey: Guid(9840a93817c7be0418cd3d6d4e0fbe3a) Importer(815301076,1909f56bfc062723c751e8b465ee728b)
Start importing Assets/Prefabs/Breakable Block 1.prefab using Guid(9840a93817c7be0418cd3d6d4e0fbe3a) Importer(815301076,1909f56bfc062723c751e8b465ee728b)  -> (artifact id: '355d602afb7a81762960706c2fbb2a34') in 0.009111 seconds
  Import took 0.013118 seconds .

========================================================================
Received Import Request.
  Time since last request: 0.003873 seconds.
  path: Assets/Prefabs/Breakable Block 1.prefab
  artifactKey: Guid(9840a93817c7be0418cd3d6d4e0fbe3a) Importer(815301076,1909f56bfc062723c751e8b465ee728b)
Start importing Assets/Prefabs/Breakable Block 1.prefab using Guid(9840a93817c7be0418cd3d6d4e0fbe3a) Importer(815301076,1909f56bfc062723c751e8b465ee728b)  -> (artifact id: '355d602afb7a81762960706c2fbb2a34') in 0.010103 seconds
  Import took 0.015437 seconds .

========================================================================
Received Import Request.
  Time since last request: 13.178445 seconds.
  path: Assets/Prefabs/3 'Hit' Breakable Block.prefab
  artifactKey: Guid(9840a93817c7be0418cd3d6d4e0fbe3a) Importer(815301076,1909f56bfc062723c751e8b465ee728b)
Start importing Assets/Prefabs/3 'Hit' Breakable Block.prefab using Guid(9840a93817c7be0418cd3d6d4e0fbe3a) Importer(815301076,1909f56bfc062723c751e8b465ee728b)  -> (artifact id: '9287be8330a6f4a9b5fe16e7903049a8') in 0.013167 seconds
  Import took 0.017317 seconds .

========================================================================
Received Import Request.
  Time since last request: 0.061241 seconds.
  path: Assets/Prefabs/3 'Hit' Breakable Block.prefab
  artifactKey: Guid(9840a93817c7be0418cd3d6d4e0fbe3a) Importer(815301076,1909f56bfc062723c751e8b465ee728b)
Start importing Assets/Prefabs/3 'Hit' Breakable Block.prefab using Guid(9840a93817c7be0418cd3d6d4e0fbe3a) Importer(815301076,1909f56bfc062723c751e8b465ee728b)  -> (artifact id: '9287be8330a6f4a9b5fe16e7903049a8') in 0.013913 seconds
  Import took 0.021772 seconds .

========================================================================
Received Import Request.
  Time since last request: 10.418767 seconds.
  path: Assets/Prefabs/2 'Hit' Breakable Block.prefab
  artifactKey: Guid(25356fa1cc97e33458cbb065db7f6fe4) Importer(815301076,1909f56bfc062723c751e8b465ee728b)
Start importing Assets/Prefabs/2 'Hit' Breakable Block.prefab using Guid(25356fa1cc97e33458cbb065db7f6fe4) Importer(815301076,1909f56bfc062723c751e8b465ee728b)  -> (artifact id: 'f7e8fb064a26538bad91fbc7d2c033a7') in 0.014281 seconds
  Import took 0.018155 seconds .

========================================================================
Received Import Request.
  Time since last request: 0.043992 seconds.
  path: Assets/Prefabs/2 'Hit' Breakable Block.prefab
  artifactKey: Guid(25356fa1cc97e33458cbb065db7f6fe4) Importer(815301076,1909f56bfc062723c751e8b465ee728b)
Start importing Assets/Prefabs/2 'Hit' Breakable Block.prefab using Guid(25356fa1cc97e33458cbb065db7f6fe4) Importer(815301076,1909f56bfc062723c751e8b465ee728b)  -> (artifact id: 'f7e8fb064a26538bad91fbc7d2c033a7') in 0.008548 seconds
  Import took 0.013178 seconds .

========================================================================
Received Import Request.
  Time since last request: 9.390006 seconds.
  path: Assets/Prefabs/Breakable Block.prefab
  artifactKey: Guid(c13833a4e350a0b499e6c5b7e3d034b3) Importer(815301076,1909f56bfc062723c751e8b465ee728b)
Start importing Assets/Prefabs/Breakable Block.prefab using Guid(c13833a4e350a0b499e6c5b7e3d034b3) Importer(815301076,1909f56bfc062723c751e8b465ee728b)  -> (artifact id: '19541ae5b3f706fd9dcf9c09efe91055') in 0.015718 seconds
  Import took 0.020088 seconds .

========================================================================
Received Import Request.
  Time since last request: 0.049686 seconds.
  path: Assets/Prefabs/Breakable Block.prefab
  artifactKey: Guid(c13833a4e350a0b499e6c5b7e3d034b3) Importer(815301076,1909f56bfc062723c751e8b465ee728b)
Start importing Assets/Prefabs/Breakable Block.prefab using Guid(c13833a4e350a0b499e6c5b7e3d034b3) Importer(815301076,1909f56bfc062723c751e8b465ee728b)  -> (artifact id: '19541ae5b3f706fd9dcf9c09efe91055') in 0.010286 seconds
  Import took 0.014577 seconds .

========================================================================
Received Import Request.
  Time since last request: 27.936317 seconds.
  path: Assets/Prefabs/2 'Hit' Breakable Block.prefab
  artifactKey: Guid(25356fa1cc97e33458cbb065db7f6fe4) Importer(815301076,1909f56bfc062723c751e8b465ee728b)
Start importing Assets/Prefabs/2 'Hit' Breakable Block.prefab using Guid(25356fa1cc97e33458cbb065db7f6fe4) Importer(815301076,1909f56bfc062723c751e8b465ee728b)  -> (artifact id: '1f4bfafeda1491e9285f736cf9f0fa7f') in 0.013986 seconds
  Import took 0.019017 seconds .

========================================================================
Received Import Request.
  Time since last request: 0.052364 seconds.
  path: Assets/Prefabs/2 'Hit' Breakable Block.prefab
  artifactKey: Guid(25356fa1cc97e33458cbb065db7f6fe4) Importer(815301076,1909f56bfc062723c751e8b465ee728b)
Start importing Assets/Prefabs/2 'Hit' Breakable Block.prefab using Guid(25356fa1cc97e33458cbb065db7f6fe4) Importer(815301076,1909f56bfc062723c751e8b465ee728b)  -> (artifact id: '1f4bfafeda1491e9285f736cf9f0fa7f') in 0.010313 seconds
  Import took 0.014559 seconds .

========================================================================
Received Import Request.
  Time since last request: 2.594402 seconds.
  path: Assets/Materials/Particle Star.png
  artifactKey: Guid(76dd80b79db8dac44a7c977b8a56cfd6) Importer(815301076,1909f56bfc062723c751e8b465ee728b)
Start importing Assets/Materials/Particle Star.png using Guid(76dd80b79db8dac44a7c977b8a56cfd6) Importer(815301076,1909f56bfc062723c751e8b465ee728b)  -> (artifact id: 'b0decf6e69656543021319a0bf269cb1') in 0.078207 seconds
  Import took 0.082044 seconds .

========================================================================
Received Import Request.
  Time since last request: 0.028335 seconds.
  path: Assets/Materials/Particle Star.png
  artifactKey: Guid(76dd80b79db8dac44a7c977b8a56cfd6) Importer(815301076,1909f56bfc062723c751e8b465ee728b)
Start importing Assets/Materials/Particle Star.png using Guid(76dd80b79db8dac44a7c977b8a56cfd6) Importer(815301076,1909f56bfc062723c751e8b465ee728b)  -> (artifact id: 'b0decf6e69656543021319a0bf269cb1') in 0.008791 seconds
  Import took 0.013054 seconds .

========================================================================
Received Import Request.
  Time since last request: 2.856583 seconds.
  path: Assets/Prefabs/2 'Hit' Breakable Block.prefab
  artifactKey: Guid(25356fa1cc97e33458cbb065db7f6fe4) Importer(815301076,1909f56bfc062723c751e8b465ee728b)
Start importing Assets/Prefabs/2 'Hit' Breakable Block.prefab using Guid(25356fa1cc97e33458cbb065db7f6fe4) Importer(815301076,1909f56bfc062723c751e8b465ee728b)  -> (artifact id: '6a635bc072901a233f7419e8da2d19fd') in 0.014141 seconds
  Import took 0.018613 seconds .

========================================================================
Received Import Request.
  Time since last request: 0.061802 seconds.
  path: Assets/Prefabs/2 'Hit' Breakable Block.prefab
  artifactKey: Guid(25356fa1cc97e33458cbb065db7f6fe4) Importer(815301076,1909f56bfc062723c751e8b465ee728b)
Start importing Assets/Prefabs/2 'Hit' Breakable Block.prefab using Guid(25356fa1cc97e33458cbb065db7f6fe4) Importer(815301076,1909f56bfc062723c751e8b465ee728b)  -> (artifact id: '6a635bc072901a233f7419e8da2d19fd') in 0.016475 seconds
  Import took 0.025378 seconds .

========================================================================
Received Import Request.
  Time since last request: 7.344254 seconds.
  path: Assets/Prefabs/3 'Hit' Breakable Block.prefab
  artifactKey: Guid(9840a93817c7be0418cd3d6d4e0fbe3a) Importer(815301076,1909f56bfc062723c751e8b465ee728b)
Start importing Assets/Prefabs/3 'Hit' Breakable Block.prefab using Guid(9840a93817c7be0418cd3d6d4e0fbe3a) Importer(815301076,1909f56bfc062723c751e8b465ee728b)  -> (artifact id: '9c2cb2a5913e9984a108fbff6ff66a8c') in 0.014100 seconds
  Import took 0.019193 seconds .

========================================================================
Received Import Request.
  Time since last request: 0.047168 seconds.
  path: Assets/Prefabs/3 'Hit' Breakable Block.prefab
  artifactKey: Guid(9840a93817c7be0418cd3d6d4e0fbe3a) Importer(815301076,1909f56bfc062723c751e8b465ee728b)
Start importing Assets/Prefabs/3 'Hit' Breakable Block.prefab using Guid(9840a93817c7be0418cd3d6d4e0fbe3a) Importer(815301076,1909f56bfc062723c751e8b465ee728b)  -> (artifact id: '9c2cb2a5913e9984a108fbff6ff66a8c') in 0.008977 seconds
  Import took 0.014460 seconds .

========================================================================
Received Import Request.
  Time since last request: 0.858355 seconds.
  path: Assets/Prefabs/3 'Hit' Breakable Block.prefab
  artifactKey: Guid(9840a93817c7be0418cd3d6d4e0fbe3a) Importer(815301076,1909f56bfc062723c751e8b465ee728b)
Start importing Assets/Prefabs/3 'Hit' Breakable Block.prefab using Guid(9840a93817c7be0418cd3d6d4e0fbe3a) Importer(815301076,1909f56bfc062723c751e8b465ee728b)  -> (artifact id: '9b01be872e7e1268dca0fe1460bacc66') in 0.014281 seconds
  Import took 0.018417 seconds .

========================================================================
Received Import Request.
  Time since last request: 0.047373 seconds.
  path: Assets/Prefabs/3 'Hit' Breakable Block.prefab
  artifactKey: Guid(9840a93817c7be0418cd3d6d4e0fbe3a) Importer(815301076,1909f56bfc062723c751e8b465ee728b)
Start importing Assets/Prefabs/3 'Hit' Breakable Block.prefab using Guid(9840a93817c7be0418cd3d6d4e0fbe3a) Importer(815301076,1909f56bfc062723c751e8b465ee728b)  -> (artifact id: '9b01be872e7e1268dca0fe1460bacc66') in 0.012415 seconds
  Import took 0.018625 seconds .

========================================================================
Received Import Request.
  Time since last request: 1.918225 seconds.
  path: Assets/Prefabs/3 'Hit' Breakable Block.prefab
  artifactKey: Guid(9840a93817c7be0418cd3d6d4e0fbe3a) Importer(815301076,1909f56bfc062723c751e8b465ee728b)
Start importing Assets/Prefabs/3 'Hit' Breakable Block.prefab using Guid(9840a93817c7be0418cd3d6d4e0fbe3a) Importer(815301076,1909f56bfc062723c751e8b465ee728b)  -> (artifact id: 'aabdd025fb1d4f5cafc5a0aa681bfd76') in 0.014596 seconds
  Import took 0.019567 seconds .

========================================================================
Received Import Request.
  Time since last request: 0.049983 seconds.
  path: Assets/Prefabs/3 'Hit' Breakable Block.prefab
  artifactKey: Guid(9840a93817c7be0418cd3d6d4e0fbe3a) Importer(815301076,1909f56bfc062723c751e8b465ee728b)
Start importing Assets/Prefabs/3 'Hit' Breakable Block.prefab using Guid(9840a93817c7be0418cd3d6d4e0fbe3a) Importer(815301076,1909f56bfc062723c751e8b465ee728b)  -> (artifact id: 'aabdd025fb1d4f5cafc5a0aa681bfd76') in 0.013193 seconds
  Import took 0.017915 seconds .

========================================================================
Received Import Request.
  Time since last request: 2.525892 seconds.
  path: Assets/Prefabs/3 'Hit' Breakable Block.prefab
  artifactKey: Guid(9840a93817c7be0418cd3d6d4e0fbe3a) Importer(815301076,1909f56bfc062723c751e8b465ee728b)
Start importing Assets/Prefabs/3 'Hit' Breakable Block.prefab using Guid(9840a93817c7be0418cd3d6d4e0fbe3a) Importer(815301076,1909f56bfc062723c751e8b465ee728b)  -> (artifact id: 'c46e7d5992f97aca5fdf12af38826978') in 0.017863 seconds
  Import took 0.022293 seconds .

========================================================================
Received Import Request.
  Time since last request: 0.047186 seconds.
  path: Assets/Prefabs/3 'Hit' Breakable Block.prefab
  artifactKey: Guid(9840a93817c7be0418cd3d6d4e0fbe3a) Importer(815301076,1909f56bfc062723c751e8b465ee728b)
Start importing Assets/Prefabs/3 'Hit' Breakable Block.prefab using Guid(9840a93817c7be0418cd3d6d4e0fbe3a) Importer(815301076,1909f56bfc062723c751e8b465ee728b)  -> (artifact id: 'c46e7d5992f97aca5fdf12af38826978') in 0.010287 seconds
  Import took 0.014620 seconds .

========================================================================
Received Prepare
Registering precompiled user dll's ...
Registered in 0.003603 seconds.
Begin MonoManager ReloadAssembly
Native extension for WindowsStandalone target not found
Refreshing native plugins compatible for Editor in 0.60 ms, found 3 plugins.
Preloading 0 native plugins for Editor in 0.00 ms.
Mono: successfully reloaded assembly
- Completed reload, in  1.133 seconds
Platform modules already initialized, skipping
Refreshing native plugins compatible for Editor in 0.48 ms, found 3 plugins.
Preloading 0 native plugins for Editor in 0.00 ms.
Unloading 2082 Unused Serialized files (Serialized files now loaded: 0)
System memory in use before: 97.5 MB.
System memory in use after: 97.5 MB.

Unloading 21 unused Assets to reduce memory usage. Loaded Objects now: 2646.
Total: 2.353500 ms (FindLiveObjects: 0.210500 ms CreateObjectMapping: 0.087900 ms MarkObjects: 1.924900 ms  DeleteObjects: 0.129000 ms)

========================================================================
Received Prepare
Registering precompiled user dll's ...
Registered in 0.003780 seconds.
Begin MonoManager ReloadAssembly
Native extension for WindowsStandalone target not found
Refreshing native plugins compatible for Editor in 0.50 ms, found 3 plugins.
Preloading 0 native plugins for Editor in 0.00 ms.
Mono: successfully reloaded assembly
- Completed reload, in  1.124 seconds
Platform modules already initialized, skipping
Refreshing native plugins compatible for Editor in 0.50 ms, found 3 plugins.
Preloading 0 native plugins for Editor in 0.00 ms.
Unloading 2082 Unused Serialized files (Serialized files now loaded: 0)
System memory in use before: 97.5 MB.
System memory in use after: 97.5 MB.

Unloading 21 unused Assets to reduce memory usage. Loaded Objects now: 2650.
Total: 2.758500 ms (FindLiveObjects: 0.269000 ms CreateObjectMapping: 0.166400 ms MarkObjects: 2.198600 ms  DeleteObjects: 0.123300 ms)

========================================================================
Received Prepare
Registering precompiled user dll's ...
Registered in 0.003828 seconds.
Begin MonoManager ReloadAssembly
Native extension for WindowsStandalone target not found
Refreshing native plugins compatible for Editor in 0.54 ms, found 3 plugins.
Preloading 0 native plugins for Editor in 0.00 ms.
Mono: successfully reloaded assembly
- Completed reload, in  1.122 seconds
Platform modules already initialized, skipping
Refreshing native plugins compatible for Editor in 0.50 ms, found 3 plugins.
Preloading 0 native plugins for Editor in 0.00 ms.
Unloading 2082 Unused Serialized files (Serialized files now loaded: 0)
System memory in use before: 97.5 MB.
System memory in use after: 97.5 MB.

Unloading 21 unused Assets to reduce memory usage. Loaded Objects now: 2654.
Total: 2.308200 ms (FindLiveObjects: 0.193600 ms CreateObjectMapping: 0.078600 ms MarkObjects: 1.902600 ms  DeleteObjects: 0.131900 ms)

========================================================================
Received Prepare
Registering precompiled user dll's ...
Registered in 0.003652 seconds.
Begin MonoManager ReloadAssembly
Native extension for WindowsStandalone target not found
Refreshing native plugins compatible for Editor in 0.49 ms, found 3 plugins.
Preloading 0 native plugins for Editor in 0.00 ms.
Mono: successfully reloaded assembly
- Completed reload, in  1.145 seconds
Platform modules already initialized, skipping
Refreshing native plugins compatible for Editor in 0.49 ms, found 3 plugins.
Preloading 0 native plugins for Editor in 0.00 ms.
Unloading 2082 Unused Serialized files (Serialized files now loaded: 0)
System memory in use before: 97.6 MB.
System memory in use after: 97.5 MB.

Unloading 21 unused Assets to reduce memory usage. Loaded Objects now: 2658.
Total: 2.708500 ms (FindLiveObjects: 0.245300 ms CreateObjectMapping: 0.153200 ms MarkObjects: 2.174600 ms  DeleteObjects: 0.133900 ms)

========================================================================
Received Prepare
Registering precompiled user dll's ...
Registered in 0.004439 seconds.
Begin MonoManager ReloadAssembly
Native extension for WindowsStandalone target not found
Refreshing native plugins compatible for Editor in 0.49 ms, found 3 plugins.
Preloading 0 native plugins for Editor in 0.00 ms.
Mono: successfully reloaded assembly
- Completed reload, in  1.209 seconds
Platform modules already initialized, skipping
Refreshing native plugins compatible for Editor in 0.49 ms, found 3 plugins.
Preloading 0 native plugins for Editor in 0.00 ms.
Unloading 2082 Unused Serialized files (Serialized files now loaded: 0)
System memory in use before: 97.6 MB.
System memory in use after: 97.5 MB.

Unloading 21 unused Assets to reduce memory usage. Loaded Objects now: 2662.
Total: 2.300200 ms (FindLiveObjects: 0.195600 ms CreateObjectMapping: 0.075900 ms MarkObjects: 1.873500 ms  DeleteObjects: 0.154300 ms)

========================================================================
Received Import Request.
  Time since last request: 132.725482 seconds.
  path: Assets/Prefabs/2 'Hit' Breakable Block.prefab
  artifactKey: Guid(25356fa1cc97e33458cbb065db7f6fe4) Importer(815301076,1909f56bfc062723c751e8b465ee728b)
Start importing Assets/Prefabs/2 'Hit' Breakable Block.prefab using Guid(25356fa1cc97e33458cbb065db7f6fe4) Importer(815301076,1909f56bfc062723c751e8b465ee728b)  -> (artifact id: '64fb288bf86f017d4ba09fb588ad7d87') in 0.079998 seconds
  Import took 0.085243 seconds .

========================================================================
Received Import Request.
  Time since last request: 2.396625 seconds.
  path: Assets/Prefabs/2 'Hit' Breakable Block.prefab
  artifactKey: Guid(25356fa1cc97e33458cbb065db7f6fe4) Importer(815301076,1909f56bfc062723c751e8b465ee728b)
Start importing Assets/Prefabs/2 'Hit' Breakable Block.prefab using Guid(25356fa1cc97e33458cbb065db7f6fe4) Importer(815301076,1909f56bfc062723c751e8b465ee728b)  -> (artifact id: 'f5d52882ba3daba3c532ce3630d2abf5') in 0.014039 seconds
  Import took 0.018384 seconds .

========================================================================
Received Import Request.
  Time since last request: 0.055707 seconds.
  path: Assets/Prefabs/2 'Hit' Breakable Block.prefab
  artifactKey: Guid(25356fa1cc97e33458cbb065db7f6fe4) Importer(815301076,1909f56bfc062723c751e8b465ee728b)
Start importing Assets/Prefabs/2 'Hit' Breakable Block.prefab using Guid(25356fa1cc97e33458cbb065db7f6fe4) Importer(815301076,1909f56bfc062723c751e8b465ee728b)  -> (artifact id: 'f5d52882ba3daba3c532ce3630d2abf5') in 0.011349 seconds
  Import took 0.016885 seconds .

========================================================================
Received Import Request.
  Time since last request: 3.465563 seconds.
  path: Assets/Prefabs/2 'Hit' Breakable Block.prefab
  artifactKey: Guid(25356fa1cc97e33458cbb065db7f6fe4) Importer(815301076,1909f56bfc062723c751e8b465ee728b)
Start importing Assets/Prefabs/2 'Hit' Breakable Block.prefab using Guid(25356fa1cc97e33458cbb065db7f6fe4) Importer(815301076,1909f56bfc062723c751e8b465ee728b)  -> (artifact id: '37dbb22167c1d32a830bfae45582c6a2') in 0.017982 seconds
  Import took 0.022755 seconds .

========================================================================
Received Import Request.
  Time since last request: 0.041801 seconds.
  path: Assets/Prefabs/2 'Hit' Breakable Block.prefab
  artifactKey: Guid(25356fa1cc97e33458cbb065db7f6fe4) Importer(815301076,1909f56bfc062723c751e8b465ee728b)
Start importing Assets/Prefabs/2 'Hit' Breakable Block.prefab using Guid(25356fa1cc97e33458cbb065db7f6fe4) Importer(815301076,1909f56bfc062723c751e8b465ee728b)  -> (artifact id: '37dbb22167c1d32a830bfae45582c6a2') in 0.011890 seconds
  Import took 0.016475 seconds .

========================================================================
Received Import Request.
  Time since last request: 16.394873 seconds.
  path: Assets/Prefabs/3 'Hit' Breakable Block.prefab
  artifactKey: Guid(9840a93817c7be0418cd3d6d4e0fbe3a) Importer(815301076,1909f56bfc062723c751e8b465ee728b)
Start importing Assets/Prefabs/3 'Hit' Breakable Block.prefab using Guid(9840a93817c7be0418cd3d6d4e0fbe3a) Importer(815301076,1909f56bfc062723c751e8b465ee728b)  -> (artifact id: 'd87ac7db552e0b92af4c8b06b2192fd2') in 0.016684 seconds
  Import took 0.021359 seconds .

========================================================================
Received Import Request.
  Time since last request: 0.049501 seconds.
  path: Assets/Prefabs/3 'Hit' Breakable Block.prefab
  artifactKey: Guid(9840a93817c7be0418cd3d6d4e0fbe3a) Importer(815301076,1909f56bfc062723c751e8b465ee728b)
Start importing Assets/Prefabs/3 'Hit' Breakable Block.prefab using Guid(9840a93817c7be0418cd3d6d4e0fbe3a) Importer(815301076,1909f56bfc062723c751e8b465ee728b)  -> (artifact id: 'd87ac7db552e0b92af4c8b06b2192fd2') in 0.010985 seconds
  Import took 0.015509 seconds .

========================================================================
Received Import Request.
  Time since last request: 1.108672 seconds.
  path: Assets/Prefabs/3 'Hit' Breakable Block.prefab
  artifactKey: Guid(9840a93817c7be0418cd3d6d4e0fbe3a) Importer(815301076,1909f56bfc062723c751e8b465ee728b)
Start importing Assets/Prefabs/3 'Hit' Breakable Block.prefab using Guid(9840a93817c7be0418cd3d6d4e0fbe3a) Importer(815301076,1909f56bfc062723c751e8b465ee728b)  -> (artifact id: '39a8c6e6bba737ddf7e0acac9b4d35a9') in 0.018661 seconds
  Import took 0.128263 seconds .

========================================================================
Received Prepare
Registering precompiled user dll's ...
Registered in 0.003805 seconds.
Begin MonoManager ReloadAssembly
Native extension for WindowsStandalone target not found
Refreshing native plugins compatible for Editor in 0.49 ms, found 3 plugins.
Preloading 0 native plugins for Editor in 0.00 ms.
Mono: successfully reloaded assembly
- Completed reload, in  1.220 seconds
Platform modules already initialized, skipping
Refreshing native plugins compatible for Editor in 0.54 ms, found 3 plugins.
Preloading 0 native plugins for Editor in 0.00 ms.
Unloading 2082 Unused Serialized files (Serialized files now loaded: 0)
System memory in use before: 97.6 MB.
System memory in use after: 97.6 MB.

Unloading 21 unused Assets to reduce memory usage. Loaded Objects now: 2667.
Total: 2.342600 ms (FindLiveObjects: 0.219900 ms CreateObjectMapping: 0.086000 ms MarkObjects: 1.870400 ms  DeleteObjects: 0.165600 ms)

========================================================================
Received Prepare
Registering precompiled user dll's ...
Registered in 0.003691 seconds.
Begin MonoManager ReloadAssembly
Native extension for WindowsStandalone target not found
Refreshing native plugins compatible for Editor in 0.56 ms, found 3 plugins.
Preloading 0 native plugins for Editor in 0.00 ms.
Mono: successfully reloaded assembly
- Completed reload, in  1.143 seconds
Platform modules already initialized, skipping
Refreshing native plugins compatible for Editor in 0.50 ms, found 3 plugins.
Preloading 0 native plugins for Editor in 0.00 ms.
Unloading 2082 Unused Serialized files (Serialized files now loaded: 0)
System memory in use before: 97.6 MB.
System memory in use after: 97.6 MB.

Unloading 21 unused Assets to reduce memory usage. Loaded Objects now: 2671.
Total: 2.924800 ms (FindLiveObjects: 0.291400 ms CreateObjectMapping: 0.194800 ms MarkObjects: 2.307600 ms  DeleteObjects: 0.129700 ms)

========================================================================
Received Prepare
Registering precompiled user dll's ...
Registered in 0.003763 seconds.
Begin MonoManager ReloadAssembly
Native extension for WindowsStandalone target not found
Refreshing native plugins compatible for Editor in 0.48 ms, found 3 plugins.
Preloading 0 native plugins for Editor in 0.00 ms.
Mono: successfully reloaded assembly
- Completed reload, in  1.168 seconds
Platform modules already initialized, skipping
Refreshing native plugins compatible for Editor in 0.96 ms, found 3 plugins.
Preloading 0 native plugins for Editor in 0.00 ms.
Unloading 2082 Unused Serialized files (Serialized files now loaded: 0)
System memory in use before: 97.6 MB.
System memory in use after: 97.6 MB.

Unloading 21 unused Assets to reduce memory usage. Loaded Objects now: 2675.
Total: 3.729200 ms (FindLiveObjects: 0.255200 ms CreateObjectMapping: 0.155300 ms MarkObjects: 3.162100 ms  DeleteObjects: 0.154900 ms)

========================================================================
Received Prepare
Registering precompiled user dll's ...
Registered in 0.003780 seconds.
Begin MonoManager ReloadAssembly
Native extension for WindowsStandalone target not found
Refreshing native plugins compatible for Editor in 0.57 ms, found 3 plugins.
Preloading 0 native plugins for Editor in 0.00 ms.
Mono: successfully reloaded assembly
- Completed reload, in  1.246 seconds
Platform modules already initialized, skipping
Refreshing native plugins compatible for Editor in 0.50 ms, found 3 plugins.
Preloading 0 native plugins for Editor in 0.00 ms.
Unloading 2082 Unused Serialized files (Serialized files now loaded: 0)
System memory in use before: 97.6 MB.
System memory in use after: 97.6 MB.

Unloading 21 unused Assets to reduce memory usage. Loaded Objects now: 2679.
Total: 2.639300 ms (FindLiveObjects: 0.211200 ms CreateObjectMapping: 0.081200 ms MarkObjects: 2.216200 ms  DeleteObjects: 0.129000 ms)

========================================================================
Received Prepare
Registering precompiled user dll's ...
Registered in 0.003638 seconds.
Begin MonoManager ReloadAssembly
Native extension for WindowsStandalone target not found
Refreshing native plugins compatible for Editor in 0.49 ms, found 3 plugins.
Preloading 0 native plugins for Editor in 0.00 ms.
Mono: successfully reloaded assembly
- Completed reload, in  1.225 seconds
Platform modules already initialized, skipping
Refreshing native plugins compatible for Editor in 0.48 ms, found 3 plugins.
Preloading 0 native plugins for Editor in 0.00 ms.
Unloading 2082 Unused Serialized files (Serialized files now loaded: 0)
System memory in use before: 97.6 MB.
System memory in use after: 97.6 MB.

Unloading 21 unused Assets to reduce memory usage. Loaded Objects now: 2683.
Total: 2.944200 ms (FindLiveObjects: 0.297500 ms CreateObjectMapping: 0.109000 ms MarkObjects: 2.364900 ms  DeleteObjects: 0.171700 ms)

========================================================================
Received Import Request.
  Time since last request: 4716.422101 seconds.
  path: Assets/Prefabs/2 'Hit' Breakable Block.prefab
  artifactKey: Guid(25356fa1cc97e33458cbb065db7f6fe4) Importer(815301076,1909f56bfc062723c751e8b465ee728b)
Start importing Assets/Prefabs/2 'Hit' Breakable Block.prefab using Guid(25356fa1cc97e33458cbb065db7f6fe4) Importer(815301076,1909f56bfc062723c751e8b465ee728b)  -> (artifact id: '4b8224486cd8907d50198926d0d8b682') in 0.069648 seconds
  Import took 0.073602 seconds .

========================================================================
Received Import Request.
  Time since last request: 0.000245 seconds.
  path: Assets/Prefabs/Breakable Block.prefab
  artifactKey: Guid(c13833a4e350a0b499e6c5b7e3d034b3) Importer(815301076,1909f56bfc062723c751e8b465ee728b)
Start importing Assets/Prefabs/Breakable Block.prefab using Guid(c13833a4e350a0b499e6c5b7e3d034b3) Importer(815301076,1909f56bfc062723c751e8b465ee728b)  -> (artifact id: 'f84748d20d679e54063a2b574748e6e0') in 0.009139 seconds
  Import took 0.013204 seconds .

========================================================================
Received Import Request.
  Time since last request: 0.000268 seconds.
  path: Assets/Prefabs/Unbreakable Block.prefab
  artifactKey: Guid(50e2950f5f76c5642a152a9e706ad773) Importer(815301076,1909f56bfc062723c751e8b465ee728b)
Start importing Assets/Prefabs/Unbreakable Block.prefab using Guid(50e2950f5f76c5642a152a9e706ad773) Importer(815301076,1909f56bfc062723c751e8b465ee728b)  -> (artifact id: '3630922db59d65e227c807fc35d8cd72') in 0.007995 seconds
  Import took 0.012611 seconds .

========================================================================
Received Import Request.
  Time since last request: 0.000258 seconds.
  path: Assets/Prefabs/3 'Hit' Breakable Block.prefab
  artifactKey: Guid(9840a93817c7be0418cd3d6d4e0fbe3a) Importer(815301076,1909f56bfc062723c751e8b465ee728b)
Start importing Assets/Prefabs/3 'Hit' Breakable Block.prefab using Guid(9840a93817c7be0418cd3d6d4e0fbe3a) Importer(815301076,1909f56bfc062723c751e8b465ee728b)  -> (artifact id: 'fbc2773a9bc06b5a5a6effb1ed60ca8b') in 0.008483 seconds
  Import took 0.012226 seconds .

========================================================================
Received Prepare
Registering precompiled user dll's ...
Registered in 0.003691 seconds.
Begin MonoManager ReloadAssembly
Native extension for WindowsStandalone target not found
Refreshing native plugins compatible for Editor in 0.53 ms, found 3 plugins.
Preloading 0 native plugins for Editor in 0.00 ms.
Mono: successfully reloaded assembly
- Completed reload, in  1.141 seconds
Platform modules already initialized, skipping
Refreshing native plugins compatible for Editor in 0.52 ms, found 3 plugins.
Preloading 0 native plugins for Editor in 0.00 ms.
Unloading 2082 Unused Serialized files (Serialized files now loaded: 0)
System memory in use before: 97.6 MB.
System memory in use after: 97.6 MB.

Unloading 21 unused Assets to reduce memory usage. Loaded Objects now: 2688.
Total: 3.055700 ms (FindLiveObjects: 0.425300 ms CreateObjectMapping: 0.212200 ms MarkObjects: 2.275700 ms  DeleteObjects: 0.141300 ms)

========================================================================
Received Prepare
Registering precompiled user dll's ...
Registered in 0.003838 seconds.
Begin MonoManager ReloadAssembly
Native extension for WindowsStandalone target not found
Refreshing native plugins compatible for Editor in 0.49 ms, found 3 plugins.
Preloading 0 native plugins for Editor in 0.00 ms.
Mono: successfully reloaded assembly
- Completed reload, in  1.206 seconds
Platform modules already initialized, skipping
Refreshing native plugins compatible for Editor in 0.50 ms, found 3 plugins.
Preloading 0 native plugins for Editor in 0.00 ms.
Unloading 2082 Unused Serialized files (Serialized files now loaded: 0)
System memory in use before: 97.6 MB.
System memory in use after: 97.6 MB.

Unloading 21 unused Assets to reduce memory usage. Loaded Objects now: 2692.
Total: 2.726300 ms (FindLiveObjects: 0.245500 ms CreateObjectMapping: 0.143000 ms MarkObjects: 2.176500 ms  DeleteObjects: 0.160300 ms)

========================================================================
Received Prepare
Registering precompiled user dll's ...
Registered in 0.004505 seconds.
Begin MonoManager ReloadAssembly
Native extension for WindowsStandalone target not found
Refreshing native plugins compatible for Editor in 0.50 ms, found 3 plugins.
Preloading 0 native plugins for Editor in 0.00 ms.
Mono: successfully reloaded assembly
- Completed reload, in  1.124 seconds
Platform modules already initialized, skipping
Refreshing native plugins compatible for Editor in 0.48 ms, found 3 plugins.
Preloading 0 native plugins for Editor in 0.00 ms.
Unloading 2082 Unused Serialized files (Serialized files now loaded: 0)
System memory in use before: 97.6 MB.
System memory in use after: 97.6 MB.

Unloading 21 unused Assets to reduce memory usage. Loaded Objects now: 2696.
Total: 2.524600 ms (FindLiveObjects: 0.193700 ms CreateObjectMapping: 0.103700 ms MarkObjects: 2.063900 ms  DeleteObjects: 0.162000 ms)

========================================================================
Received Prepare
Registering precompiled user dll's ...
Registered in 0.003766 seconds.
Begin MonoManager ReloadAssembly
Native extension for WindowsStandalone target not found
Refreshing native plugins compatible for Editor in 0.49 ms, found 3 plugins.
Preloading 0 native plugins for Editor in 0.00 ms.
Mono: successfully reloaded assembly
- Completed reload, in  1.151 seconds
Platform modules already initialized, skipping
Refreshing native plugins compatible for Editor in 0.50 ms, found 3 plugins.
Preloading 0 native plugins for Editor in 0.00 ms.
Unloading 2082 Unused Serialized files (Serialized files now loaded: 0)
System memory in use before: 97.7 MB.
System memory in use after: 97.6 MB.

Unloading 21 unused Assets to reduce memory usage. Loaded Objects now: 2700.
Total: 2.530000 ms (FindLiveObjects: 0.197400 ms CreateObjectMapping: 0.077800 ms MarkObjects: 2.119500 ms  DeleteObjects: 0.134200 ms)

========================================================================
Received Prepare
Registering precompiled user dll's ...
Registered in 0.003718 seconds.
Begin MonoManager ReloadAssembly
Native extension for WindowsStandalone target not found
Refreshing native plugins compatible for Editor in 0.58 ms, found 3 plugins.
Preloading 0 native plugins for Editor in 0.00 ms.
Mono: successfully reloaded assembly
- Completed reload, in  1.131 seconds
Platform modules already initialized, skipping
Refreshing native plugins compatible for Editor in 0.56 ms, found 3 plugins.
Preloading 0 native plugins for Editor in 0.00 ms.
Unloading 2082 Unused Serialized files (Serialized files now loaded: 0)
System memory in use before: 97.7 MB.
System memory in use after: 97.6 MB.

Unloading 21 unused Assets to reduce memory usage. Loaded Objects now: 2704.
Total: 2.373700 ms (FindLiveObjects: 0.213300 ms CreateObjectMapping: 0.077200 ms MarkObjects: 1.936900 ms  DeleteObjects: 0.145100 ms)

========================================================================
Received Prepare
Registering precompiled user dll's ...
Registered in 0.003656 seconds.
Begin MonoManager ReloadAssembly
Native extension for WindowsStandalone target not found
Refreshing native plugins compatible for Editor in 0.55 ms, found 3 plugins.
Preloading 0 native plugins for Editor in 0.00 ms.
Mono: successfully reloaded assembly
- Completed reload, in  1.247 seconds
Platform modules already initialized, skipping
Refreshing native plugins compatible for Editor in 0.51 ms, found 3 plugins.
Preloading 0 native plugins for Editor in 0.00 ms.
Unloading 2082 Unused Serialized files (Serialized files now loaded: 0)
System memory in use before: 97.8 MB.
System memory in use after: 97.7 MB.

Unloading 21 unused Assets to reduce memory usage. Loaded Objects now: 2708.
Total: 2.841100 ms (FindLiveObjects: 0.310400 ms CreateObjectMapping: 0.176700 ms MarkObjects: 2.222800 ms  DeleteObjects: 0.130100 ms)

========================================================================
Received Prepare
Registering precompiled user dll's ...
Registered in 0.003829 seconds.
Begin MonoManager ReloadAssembly
Native extension for WindowsStandalone target not found
Refreshing native plugins compatible for Editor in 0.73 ms, found 3 plugins.
Preloading 0 native plugins for Editor in 0.00 ms.
Mono: successfully reloaded assembly
- Completed reload, in  1.400 seconds
Platform modules already initialized, skipping
Refreshing native plugins compatible for Editor in 0.62 ms, found 3 plugins.
Preloading 0 native plugins for Editor in 0.00 ms.
Unloading 2082 Unused Serialized files (Serialized files now loaded: 0)
System memory in use before: 97.8 MB.
System memory in use after: 97.8 MB.

Unloading 21 unused Assets to reduce memory usage. Loaded Objects now: 2712.
Total: 3.063900 ms (FindLiveObjects: 0.360900 ms CreateObjectMapping: 0.171600 ms MarkObjects: 2.389800 ms  DeleteObjects: 0.140100 ms)

========================================================================
Received Import Request.
  Time since last request: 448.470319 seconds.
  path: Assets/Prefabs/Ball.prefab
  artifactKey: Guid(7b68eecc73fa5da4794e1d0f917ccdbd) Importer(815301076,1909f56bfc062723c751e8b465ee728b)
Start importing Assets/Prefabs/Ball.prefab using Guid(7b68eecc73fa5da4794e1d0f917ccdbd) Importer(815301076,1909f56bfc062723c751e8b465ee728b)  -> (artifact id: '1188af4a604cfe7eb292e6056b4ddeae') in 0.068326 seconds
  Import took 0.072677 seconds .

========================================================================
Received Prepare
Registering precompiled user dll's ...
Registered in 0.004045 seconds.
Begin MonoManager ReloadAssembly
Native extension for WindowsStandalone target not found
Refreshing native plugins compatible for Editor in 0.49 ms, found 3 plugins.
Preloading 0 native plugins for Editor in 0.00 ms.
Mono: successfully reloaded assembly
- Completed reload, in  1.193 seconds
Platform modules already initialized, skipping
Refreshing native plugins compatible for Editor in 0.51 ms, found 3 plugins.
Preloading 0 native plugins for Editor in 0.00 ms.
Unloading 2082 Unused Serialized files (Serialized files now loaded: 0)
System memory in use before: 97.8 MB.
System memory in use after: 97.9 MB.

Unloading 21 unused Assets to reduce memory usage. Loaded Objects now: 2717.
Total: 3.144100 ms (FindLiveObjects: 0.292500 ms CreateObjectMapping: 0.176100 ms MarkObjects: 2.536200 ms  DeleteObjects: 0.137900 ms)

========================================================================
Received Import Request.
  Time since last request: 3389.322496 seconds.
  path: Assets/Prefabs/Games Session.prefab
  artifactKey: Guid(c2c62df21f64fc047ac78142dbd13cf7) Importer(815301076,1909f56bfc062723c751e8b465ee728b)
Start importing Assets/Prefabs/Games Session.prefab using Guid(c2c62df21f64fc047ac78142dbd13cf7) Importer(815301076,1909f56bfc062723c751e8b465ee728b)  -> (artifact id: '0b18d7700d235c4ccf64390d979df2b3') in 0.092983 seconds
  Import took 0.097332 seconds .

========================================================================
Received Prepare
Registering precompiled user dll's ...
Registered in 0.005419 seconds.
Begin MonoManager ReloadAssembly
Native extension for WindowsStandalone target not found
Refreshing native plugins compatible for Editor in 0.56 ms, found 3 plugins.
Preloading 0 native plugins for Editor in 0.00 ms.
Mono: successfully reloaded assembly
- Completed reload, in  1.499 seconds
Platform modules already initialized, skipping
Refreshing native plugins compatible for Editor in 0.53 ms, found 3 plugins.
Preloading 0 native plugins for Editor in 0.00 ms.
Unloading 2082 Unused Serialized files (Serialized files now loaded: 0)
System memory in use before: 97.8 MB.
System memory in use after: 97.9 MB.

Unloading 21 unused Assets to reduce memory usage. Loaded Objects now: 2721.
Total: 3.691000 ms (FindLiveObjects: 0.289400 ms CreateObjectMapping: 0.935100 ms MarkObjects: 2.324900 ms  DeleteObjects: 0.140100 ms)

========================================================================
Received Prepare
Registering precompiled user dll's ...
Registered in 0.004520 seconds.
Begin MonoManager ReloadAssembly
Native extension for WindowsStandalone target not found
Refreshing native plugins compatible for Editor in 0.49 ms, found 3 plugins.
Preloading 0 native plugins for Editor in 0.00 ms.
Mono: successfully reloaded assembly
- Completed reload, in  1.145 seconds
Platform modules already initialized, skipping
Refreshing native plugins compatible for Editor in 0.49 ms, found 3 plugins.
Preloading 0 native plugins for Editor in 0.00 ms.
Unloading 2082 Unused Serialized files (Serialized files now loaded: 0)
System memory in use before: 97.8 MB.
System memory in use after: 97.9 MB.

Unloading 21 unused Assets to reduce memory usage. Loaded Objects now: 2725.
Total: 2.628400 ms (FindLiveObjects: 0.216200 ms CreateObjectMapping: 0.086100 ms MarkObjects: 2.155600 ms  DeleteObjects: 0.169300 ms)

========================================================================
Received Prepare
Registering precompiled user dll's ...
Registered in 0.003850 seconds.
Begin MonoManager ReloadAssembly
Native extension for WindowsStandalone target not found
Refreshing native plugins compatible for Editor in 0.73 ms, found 3 plugins.
Preloading 0 native plugins for Editor in 0.00 ms.
Mono: successfully reloaded assembly
- Completed reload, in  1.140 seconds
Platform modules already initialized, skipping
Refreshing native plugins compatible for Editor in 0.50 ms, found 3 plugins.
Preloading 0 native plugins for Editor in 0.00 ms.
Unloading 2082 Unused Serialized files (Serialized files now loaded: 0)
System memory in use before: 97.8 MB.
System memory in use after: 97.9 MB.

Unloading 21 unused Assets to reduce memory usage. Loaded Objects now: 2729.
Total: 3.124200 ms (FindLiveObjects: 0.256200 ms CreateObjectMapping: 0.165900 ms MarkObjects: 2.550500 ms  DeleteObjects: 0.150400 ms)

========================================================================
Received Prepare
Registering precompiled user dll's ...
Registered in 0.004517 seconds.
Begin MonoManager ReloadAssembly
Native extension for WindowsStandalone target not found
Refreshing native plugins compatible for Editor in 0.51 ms, found 3 plugins.
Preloading 0 native plugins for Editor in 0.00 ms.
Mono: successfully reloaded assembly
- Completed reload, in  1.180 seconds
Platform modules already initialized, skipping
Refreshing native plugins compatible for Editor in 0.53 ms, found 3 plugins.
Preloading 0 native plugins for Editor in 0.00 ms.
Unloading 2082 Unused Serialized files (Serialized files now loaded: 0)
System memory in use before: 97.8 MB.
System memory in use after: 97.9 MB.

Unloading 21 unused Assets to reduce memory usage. Loaded Objects now: 2733.
Total: 2.978100 ms (FindLiveObjects: 0.336700 ms CreateObjectMapping: 0.142400 ms MarkObjects: 2.361800 ms  DeleteObjects: 0.136200 ms)

========================================================================
Received Import Request.
  Time since last request: 1577.525762 seconds.
  path: Assets/Scenes/Level 2.unity
  artifactKey: Guid(1107fe11682aa704dbcc1ec6bb12634b) Importer(815301076,1909f56bfc062723c751e8b465ee728b)
Start importing Assets/Scenes/Level 2.unity using Guid(1107fe11682aa704dbcc1ec6bb12634b) Importer(815301076,1909f56bfc062723c751e8b465ee728b)  -> (artifact id: 'b04a4f03fad2a92434f131acb29049f2') in 0.018833 seconds
  Import took 0.022851 seconds .

========================================================================
Received Prepare
Registering precompiled user dll's ...
Registered in 0.005164 seconds.
Begin MonoManager ReloadAssembly
Native extension for WindowsStandalone target not found
Refreshing native plugins compatible for Editor in 0.50 ms, found 3 plugins.
Preloading 0 native plugins for Editor in 0.00 ms.
Mono: successfully reloaded assembly
- Completed reload, in  1.141 seconds
Platform modules already initialized, skipping
Refreshing native plugins compatible for Editor in 0.50 ms, found 3 plugins.
Preloading 0 native plugins for Editor in 0.00 ms.
Unloading 2082 Unused Serialized files (Serialized files now loaded: 0)
System memory in use before: 97.9 MB.
System memory in use after: 97.9 MB.

Unloading 21 unused Assets to reduce memory usage. Loaded Objects now: 2737.
Total: 3.154900 ms (FindLiveObjects: 0.327100 ms CreateObjectMapping: 0.202600 ms MarkObjects: 2.491100 ms  DeleteObjects: 0.132800 ms)

========================================================================
Received Prepare
Registering precompiled user dll's ...
Registered in 0.003566 seconds.
Begin MonoManager ReloadAssembly
Native extension for WindowsStandalone target not found
Refreshing native plugins compatible for Editor in 0.50 ms, found 3 plugins.
Preloading 0 native plugins for Editor in 0.00 ms.
Mono: successfully reloaded assembly
- Completed reload, in  1.130 seconds
Platform modules already initialized, skipping
Refreshing native plugins compatible for Editor in 0.65 ms, found 3 plugins.
Preloading 0 native plugins for Editor in 0.00 ms.
Unloading 2082 Unused Serialized files (Serialized files now loaded: 0)
System memory in use before: 97.9 MB.
System memory in use after: 97.9 MB.

Unloading 21 unused Assets to reduce memory usage. Loaded Objects now: 2741.
Total: 3.728800 ms (FindLiveObjects: 0.320200 ms CreateObjectMapping: 0.238600 ms MarkObjects: 2.966100 ms  DeleteObjects: 0.202400 ms)

========================================================================
Received Prepare
Registering precompiled user dll's ...
Registered in 0.003819 seconds.
Begin MonoManager ReloadAssembly
Native extension for WindowsStandalone target not found
Refreshing native plugins compatible for Editor in 0.48 ms, found 3 plugins.
Preloading 0 native plugins for Editor in 0.00 ms.
Mono: successfully reloaded assembly
- Completed reload, in  1.138 seconds
Platform modules already initialized, skipping
Refreshing native plugins compatible for Editor in 0.49 ms, found 3 plugins.
Preloading 0 native plugins for Editor in 0.00 ms.
Unloading 2082 Unused Serialized files (Serialized files now loaded: 0)
System memory in use before: 97.9 MB.
System memory in use after: 97.9 MB.

Unloading 21 unused Assets to reduce memory usage. Loaded Objects now: 2745.
Total: 2.681700 ms (FindLiveObjects: 0.296300 ms CreateObjectMapping: 0.087500 ms MarkObjects: 2.150200 ms  DeleteObjects: 0.146700 ms)

========================================================================
Received Import Request.
  Time since last request: 311.452430 seconds.
  path: Assets/Scenes/Level 1.unity
  artifactKey: Guid(ebfe8f9180295f848972ccfe8a3b7094) Importer(815301076,1909f56bfc062723c751e8b465ee728b)
Start importing Assets/Scenes/Level 1.unity using Guid(ebfe8f9180295f848972ccfe8a3b7094) Importer(815301076,1909f56bfc062723c751e8b465ee728b)  -> (artifact id: '0cb8d1f6c8e02869b78c98273f0629dd') in 0.017464 seconds
  Import took 0.022318 seconds .

========================================================================
Received Import Request.
  Time since last request: 10.447581 seconds.
  path: Assets/Scenes/Level 1.unity
  artifactKey: Guid(ebfe8f9180295f848972ccfe8a3b7094) Importer(815301076,1909f56bfc062723c751e8b465ee728b)
Start importing Assets/Scenes/Level 1.unity using Guid(ebfe8f9180295f848972ccfe8a3b7094) Importer(815301076,1909f56bfc062723c751e8b465ee728b)  -> (artifact id: '69f27e52fa758503317bcff9d983e090') in 0.002627 seconds
  Import took 0.006208 seconds .

========================================================================
Received Import Request.
  Time since last request: 8.498468 seconds.
  path: Assets/Scenes/Level 1.unity
  artifactKey: Guid(ebfe8f9180295f848972ccfe8a3b7094) Importer(815301076,1909f56bfc062723c751e8b465ee728b)
Start importing Assets/Scenes/Level 1.unity using Guid(ebfe8f9180295f848972ccfe8a3b7094) Importer(815301076,1909f56bfc062723c751e8b465ee728b)  -> (artifact id: '211c347535d212dc1e40853b8771ee0a') in 0.002923 seconds
  Import took 0.006551 seconds .

========================================================================
Received Import Request.
  Time since last request: 7.069879 seconds.
  path: Assets/Scenes/Level 1.unity
  artifactKey: Guid(ebfe8f9180295f848972ccfe8a3b7094) Importer(815301076,1909f56bfc062723c751e8b465ee728b)
Start importing Assets/Scenes/Level 1.unity using Guid(ebfe8f9180295f848972ccfe8a3b7094) Importer(815301076,1909f56bfc062723c751e8b465ee728b)  -> (artifact id: '5c8cb8d49ba9ed85626624f288f179b9') in 0.003851 seconds
  Import took 0.007655 seconds .

========================================================================
Received Import Request.
  Time since last request: 11.919768 seconds.
  path: Assets/Scenes/Level 1.unity
  artifactKey: Guid(ebfe8f9180295f848972ccfe8a3b7094) Importer(815301076,1909f56bfc062723c751e8b465ee728b)
Start importing Assets/Scenes/Level 1.unity using Guid(ebfe8f9180295f848972ccfe8a3b7094) Importer(815301076,1909f56bfc062723c751e8b465ee728b)  -> (artifact id: 'aa5e7e768ccbba725bc4c7ca6f02b4c0') in 0.002534 seconds
  Import took 0.006135 seconds .

========================================================================
Received Import Request.
  Time since last request: 5.291273 seconds.
  path: Assets/Scenes/Level 3.unity
  artifactKey: Guid(237473ae52864c340ac62137886dc9af) Importer(815301076,1909f56bfc062723c751e8b465ee728b)
Start importing Assets/Scenes/Level 3.unity using Guid(237473ae52864c340ac62137886dc9af) Importer(815301076,1909f56bfc062723c751e8b465ee728b)  -> (artifact id: '092bbf4c731bc733894aea23b987e759') in 0.003165 seconds
  Import took 0.007049 seconds .

========================================================================
Received Import Request.
  Time since last request: 3.420395 seconds.
  path: Assets/Scenes/Level 4.unity
  artifactKey: Guid(7c3a00716b0d91f4d8f78498f4b0543b) Importer(815301076,1909f56bfc062723c751e8b465ee728b)
Start importing Assets/Scenes/Level 4.unity using Guid(7c3a00716b0d91f4d8f78498f4b0543b) Importer(815301076,1909f56bfc062723c751e8b465ee728b)  -> (artifact id: '3137c8e206a591410a881bf9b8a3d794') in 0.003075 seconds
  Import took 0.007835 seconds .

========================================================================
Received Import Request.
  Time since last request: 0.784146 seconds.
  path: Assets/Scenes/Level 5.unity
  artifactKey: Guid(0272a45a5e7cccc47b937a95f7adac4d) Importer(815301076,1909f56bfc062723c751e8b465ee728b)
Start importing Assets/Scenes/Level 5.unity using Guid(0272a45a5e7cccc47b937a95f7adac4d) Importer(815301076,1909f56bfc062723c751e8b465ee728b)  -> (artifact id: '4f6e86c16148119a7ae9ad432eccff49') in 0.003274 seconds
  Import took 0.007726 seconds .

========================================================================
Received Prepare
Registering precompiled user dll's ...
Registered in 0.004150 seconds.
Begin MonoManager ReloadAssembly
Native extension for WindowsStandalone target not found
Refreshing native plugins compatible for Editor in 0.48 ms, found 3 plugins.
Preloading 0 native plugins for Editor in 0.00 ms.
Mono: successfully reloaded assembly
- Completed reload, in  1.521 seconds
Platform modules already initialized, skipping
Refreshing native plugins compatible for Editor in 0.56 ms, found 3 plugins.
Preloading 0 native plugins for Editor in 0.00 ms.
Unloading 2082 Unused Serialized files (Serialized files now loaded: 0)
System memory in use before: 98.0 MB.
System memory in use after: 98.0 MB.

Unloading 21 unused Assets to reduce memory usage. Loaded Objects now: 2749.
Total: 4.170700 ms (FindLiveObjects: 0.220000 ms CreateObjectMapping: 0.089600 ms MarkObjects: 3.711600 ms  DeleteObjects: 0.148200 ms)

AssetImportWorkerClient::OnTransportError - code=2 error=End of file
